#
# There is insufficient memory for the Java Runtime Environment to continue.
# Native memory allocation (malloc) failed to allocate 1008816 bytes for Chunk::new
# Possible reasons:
#   The system is out of physical RAM or swap space
#   In 32 bit mode, the process size limit was hit
# Possible solutions:
#   Reduce memory load on the system
#   Increase physical memory or swap space
#   Check if swap backing store is full
#   Use 64 bit Java on a 64 bit OS
#   Decrease Java heap size (-Xmx/-Xms)
#   Decrease number of Java threads
#   Decrease Java thread stack sizes (-Xss)
#   Set larger code cache with -XX:ReservedCodeCacheSize=
# This output file may be truncated or incomplete.
#
#  Out of Memory Error (allocation.cpp:390), pid=2396, tid=0x00000000000015b8
#
# JRE version: Java(TM) SE Runtime Environment (8.0_131-b11) (build 1.8.0_131-b11)
# Java VM: Java HotSpot(TM) 64-Bit Server VM (25.131-b11 mixed mode windows-amd64 compressed oops)
# Failed to write core dump. Minidumps are not enabled by default on client versions of Windows
#

---------------  T H R E A D  ---------------

Current thread (0x0000000054c8e800):  JavaThread "C2 CompilerThread0" daemon [_thread_in_native, id=5560, stack(0x00000000560c0000,0x00000000561c0000)]

Stack: [0x00000000560c0000,0x00000000561c0000]
[error occurred during error reporting (printing stack bounds), id 0xc0000005]

Native frames: (J=compiled Java code, j=interpreted, Vv=VM code, C=native code)


Current CompileTask:
C2:  80707 3772   !   4       org.springframework.core.annotation.AnnotationUtils::findAnnotation (171 bytes)


---------------  P R O C E S S  ---------------

Java Threads: ( => current thread )
  0x0000000056228800 JavaThread "Service Thread" daemon [_thread_blocked, id=6056, stack(0x0000000056740000,0x0000000056840000)]
  0x0000000054c9d800 JavaThread "C1 CompilerThread1" daemon [_thread_blocked, id=1160, stack(0x0000000055bd0000,0x0000000055cd0000)]
=>0x0000000054c8e800 JavaThread "C2 CompilerThread0" daemon [_thread_in_native, id=5560, stack(0x00000000560c0000,0x00000000561c0000)]
  0x0000000054c78000 JavaThread "Monitor Ctrl-Break" daemon [_thread_in_native, id=6284, stack(0x0000000055f10000,0x0000000056010000)]
  0x0000000054c68800 JavaThread "Attach Listener" daemon [_thread_blocked, id=5496, stack(0x0000000055d40000,0x0000000055e40000)]
  0x0000000054c67800 JavaThread "Signal Dispatcher" daemon [_thread_blocked, id=1128, stack(0x0000000055ad0000,0x0000000055bd0000)]
  0x0000000054c47800 JavaThread "Finalizer" daemon [_thread_blocked, id=8160, stack(0x00000000558e0000,0x00000000559e0000)]
  0x0000000054bfe000 JavaThread "Reference Handler" daemon [_thread_blocked, id=5820, stack(0x00000000557b0000,0x00000000558b0000)]
  0x00000000021e2000 JavaThread "main" [_thread_in_Java, id=1676, stack(0x0000000002500000,0x0000000002600000)]

Other Threads:
  0x0000000054bf6000 VMThread [stack: 0x0000000055660000,0x0000000055760000] [id=7788]
  0x0000000056216000 WatcherThread [stack: 0x00000000565d0000,0x00000000566d0000] [id=4272]

VM state:not at safepoint (normal execution)

VM Mutex/Monitor currently owned by a thread: None

Heap:
 PSYoungGen      total 146432K, used 7338K [0x00000000ec000000, 0x00000000f9200000, 0x0000000100000000)
  eden space 134656K, 5% used [0x00000000ec000000,0x00000000ec72aa98,0x00000000f4380000)
  from space 11776K, 0% used [0x00000000f4380000,0x00000000f4380000,0x00000000f4f00000)
  to   space 11264K, 0% used [0x00000000f8700000,0x00000000f8700000,0x00000000f9200000)
 ParOldGen       total 30208K, used 16941K [0x00000000c4000000, 0x00000000c5d80000, 0x00000000ec000000)
  object space 30208K, 56% used [0x00000000c4000000,0x00000000c508b7c8,0x00000000c5d80000)
 Metaspace       used 34739K, capacity 35696K, committed 35928K, reserved 1081344K
  class space    used 4737K, capacity 4948K, committed 4952K, reserved 1048576K

Card table byte_map: [0x0000000011e40000,0x0000000012030000] byte_map_base: 0x0000000011820000

Marking Bits: (ParMarkBitMap*) 0x0000000066d5c720
 Begin Bits: [0x00000000122e0000, 0x00000000131e0000)
 End Bits:   [0x00000000131e0000, 0x00000000140e0000)

Polling page: 0x00000000001c0000

CodeCache: size=245760Kb used=12708Kb max_used=12735Kb free=233051Kb
 bounds [0x0000000002a80000, 0x0000000003700000, 0x0000000011a80000]
 total_blobs=3928 nmethods=3509 adapters=333
 compilation: enabled

Compilation events (10 events):
Event: 80.186 Thread 0x0000000054c9d800 3774       3       org.springframework.context.support.AbstractApplicationContext::assertBeanFactoryActive (81 bytes)
Event: 80.188 Thread 0x0000000054c9d800 nmethod 3774 0x00000000036dc250 code [0x00000000036dc4c0, 0x00000000036dd6d8]
Event: 80.189 Thread 0x0000000054c9d800 3775       3       org.springframework.beans.factory.support.DefaultListableBeanFactory::findAnnotationOnBean (75 bytes)
Event: 80.190 Thread 0x0000000054c9d800 nmethod 3775 0x00000000036dfc10 code [0x00000000036dfe20, 0x00000000036e0a28]
Event: 80.191 Thread 0x0000000054c9d800 3776   !   3       com.sun.proxy.$Proxy47::hashCode (32 bytes)
Event: 80.192 Thread 0x0000000054c9d800 nmethod 3776 0x00000000036dba10 code [0x00000000036dbba0, 0x00000000036dc058]
Event: 80.194 Thread 0x0000000054c9d800 3777   !   3       com.sun.proxy.$Proxy57::hashCode (32 bytes)
Event: 80.195 Thread 0x0000000054c9d800 nmethod 3777 0x00000000036db1d0 code [0x00000000036db360, 0x00000000036db818]
Event: 80.460 Thread 0x0000000054c9d800 3779       1       org.springframework.util.MimeType::getType (5 bytes)
Event: 80.460 Thread 0x0000000054c9d800 nmethod 3779 0x0000000002bf2f50 code [0x0000000002bf30a0, 0x0000000002bf31b0]

GC Heap History (10 events):
Event: 56.817 GC heap before
{Heap before GC invocations=9 (full 1):
 PSYoungGen      total 66560K, used 60416K [0x00000000ec000000, 0x00000000f4300000, 0x0000000100000000)
  eden space 60416K, 100% used [0x00000000ec000000,0x00000000efb00000,0x00000000efb00000)
  from space 6144K, 0% used [0x00000000efb00000,0x00000000efb00000,0x00000000f0100000)
  to   space 6656K, 0% used [0x00000000f3c80000,0x00000000f3c80000,0x00000000f4300000)
 ParOldGen       total 30208K, used 7202K [0x00000000c4000000, 0x00000000c5d80000, 0x00000000ec000000)
  object space 30208K, 23% used [0x00000000c4000000,0x00000000c47088e8,0x00000000c5d80000)
 Metaspace       used 22725K, capacity 23312K, committed 23552K, reserved 1069056K
  class space    used 2813K, capacity 2974K, committed 3072K, reserved 1048576K
Event: 56.846 GC heap after
Heap after GC invocations=9 (full 1):
 PSYoungGen      total 105984K, used 5663K [0x00000000ec000000, 0x00000000f4280000, 0x0000000100000000)
  eden space 99840K, 0% used [0x00000000ec000000,0x00000000ec000000,0x00000000f2180000)
  from space 6144K, 92% used [0x00000000f3c80000,0x00000000f4207c30,0x00000000f4280000)
  to   space 7168K, 0% used [0x00000000f3480000,0x00000000f3480000,0x00000000f3b80000)
 ParOldGen       total 30208K, used 7274K [0x00000000c4000000, 0x00000000c5d80000, 0x00000000ec000000)
  object space 30208K, 24% used [0x00000000c4000000,0x00000000c471a8f8,0x00000000c5d80000)
 Metaspace       used 22725K, capacity 23312K, committed 23552K, reserved 1069056K
  class space    used 2813K, capacity 2974K, committed 3072K, reserved 1048576K
}
Event: 63.694 GC heap before
{Heap before GC invocations=10 (full 1):
 PSYoungGen      total 105984K, used 105503K [0x00000000ec000000, 0x00000000f4280000, 0x0000000100000000)
  eden space 99840K, 100% used [0x00000000ec000000,0x00000000f2180000,0x00000000f2180000)
  from space 6144K, 92% used [0x00000000f3c80000,0x00000000f4207c30,0x00000000f4280000)
  to   space 7168K, 0% used [0x00000000f3480000,0x00000000f3480000,0x00000000f3b80000)
 ParOldGen       total 30208K, used 7274K [0x00000000c4000000, 0x00000000c5d80000, 0x00000000ec000000)
  object space 30208K, 24% used [0x00000000c4000000,0x00000000c471a8f8,0x00000000c5d80000)
 Metaspace       used 27378K, capacity 27998K, committed 28032K, reserved 1073152K
  class space    used 3552K, capacity 3701K, committed 3712K, reserved 1048576K
Event: 63.739 GC heap after
Heap after GC invocations=10 (full 1):
 PSYoungGen      total 126464K, used 7147K [0x00000000ec000000, 0x00000000f5800000, 0x0000000100000000)
  eden space 119296K, 0% used [0x00000000ec000000,0x00000000ec000000,0x00000000f3480000)
  from space 7168K, 99% used [0x00000000f3480000,0x00000000f3b7ad40,0x00000000f3b80000)
  to   space 9216K, 0% used [0x00000000f4f00000,0x00000000f4f00000,0x00000000f5800000)
 ParOldGen       total 30208K, used 9698K [0x00000000c4000000, 0x00000000c5d80000, 0x00000000ec000000)
  object space 30208K, 32% used [0x00000000c4000000,0x00000000c49788f8,0x00000000c5d80000)
 Metaspace       used 27378K, capacity 27998K, committed 28032K, reserved 1073152K
  class space    used 3552K, capacity 3701K, committed 3712K, reserved 1048576K
}
Event: 74.792 GC heap before
{Heap before GC invocations=11 (full 1):
 PSYoungGen      total 126464K, used 126443K [0x00000000ec000000, 0x00000000f5800000, 0x0000000100000000)
  eden space 119296K, 100% used [0x00000000ec000000,0x00000000f3480000,0x00000000f3480000)
  from space 7168K, 99% used [0x00000000f3480000,0x00000000f3b7ad40,0x00000000f3b80000)
  to   space 9216K, 0% used [0x00000000f4f00000,0x00000000f4f00000,0x00000000f5800000)
 ParOldGen       total 30208K, used 9698K [0x00000000c4000000, 0x00000000c5d80000, 0x00000000ec000000)
  object space 30208K, 32% used [0x00000000c4000000,0x00000000c49788f8,0x00000000c5d80000)
 Metaspace       used 32340K, capacity 33104K, committed 33280K, reserved 1077248K
  class space    used 4385K, capacity 4556K, committed 4608K, reserved 1048576K
Event: 74.866 GC heap after
Heap after GC invocations=11 (full 1):
 PSYoungGen      total 143872K, used 9194K [0x00000000ec000000, 0x00000000f7580000, 0x0000000100000000)
  eden space 134656K, 0% used [0x00000000ec000000,0x00000000ec000000,0x00000000f4380000)
  from space 9216K, 99% used [0x00000000f4f00000,0x00000000f57fa9a8,0x00000000f5800000)
  to   space 11776K, 0% used [0x00000000f4380000,0x00000000f4380000,0x00000000f4f00000)
 ParOldGen       total 30208K, used 12690K [0x00000000c4000000, 0x00000000c5d80000, 0x00000000ec000000)
  object space 30208K, 42% used [0x00000000c4000000,0x00000000c4c64a10,0x00000000c5d80000)
 Metaspace       used 32340K, capacity 33104K, committed 33280K, reserved 1077248K
  class space    used 4385K, capacity 4556K, committed 4608K, reserved 1048576K
}
Event: 79.419 GC heap before
{Heap before GC invocations=12 (full 1):
 PSYoungGen      total 143872K, used 102865K [0x00000000ec000000, 0x00000000f7580000, 0x0000000100000000)
  eden space 134656K, 69% used [0x00000000ec000000,0x00000000f1b79c80,0x00000000f4380000)
  from space 9216K, 99% used [0x00000000f4f00000,0x00000000f57fa9a8,0x00000000f5800000)
  to   space 11776K, 0% used [0x00000000f4380000,0x00000000f4380000,0x00000000f4f00000)
 ParOldGen       total 30208K, used 12690K [0x00000000c4000000, 0x00000000c5d80000, 0x00000000ec000000)
  object space 30208K, 42% used [0x00000000c4000000,0x00000000c4c64a10,0x00000000c5d80000)
 Metaspace       used 34422K, capacity 35312K, committed 35416K, reserved 1079296K
  class space    used 4685K, capacity 4884K, committed 4952K, reserved 1048576K
Event: 79.596 GC heap after
Heap after GC invocations=12 (full 1):
 PSYoungGen      total 146432K, used 5142K [0x00000000ec000000, 0x00000000f9200000, 0x0000000100000000)
  eden space 134656K, 0% used [0x00000000ec000000,0x00000000ec000000,0x00000000f4380000)
  from space 11776K, 43% used [0x00000000f4380000,0x00000000f4885ac8,0x00000000f4f00000)
  to   space 11264K, 0% used [0x00000000f8700000,0x00000000f8700000,0x00000000f9200000)
 ParOldGen       total 30208K, used 17678K [0x00000000c4000000, 0x00000000c5d80000, 0x00000000ec000000)
  object space 30208K, 58% used [0x00000000c4000000,0x00000000c5143a60,0x00000000c5d80000)
 Metaspace       used 34422K, capacity 35312K, committed 35416K, reserved 1079296K
  class space    used 4685K, capacity 4884K, committed 4952K, reserved 1048576K
}
Event: 79.596 GC heap before
{Heap before GC invocations=13 (full 2):
 PSYoungGen      total 146432K, used 5142K [0x00000000ec000000, 0x00000000f9200000, 0x0000000100000000)
  eden space 134656K, 0% used [0x00000000ec000000,0x00000000ec000000,0x00000000f4380000)
  from space 11776K, 43% used [0x00000000f4380000,0x00000000f4885ac8,0x00000000f4f00000)
  to   space 11264K, 0% used [0x00000000f8700000,0x00000000f8700000,0x00000000f9200000)
 ParOldGen       total 30208K, used 17678K [0x00000000c4000000, 0x00000000c5d80000, 0x00000000ec000000)
  object space 30208K, 58% used [0x00000000c4000000,0x00000000c5143a60,0x00000000c5d80000)
 Metaspace       used 34422K, capacity 35312K, committed 35416K, reserved 1079296K
  class space    used 4685K, capacity 4884K, committed 4952K, reserved 1048576K
Event: 80.044 GC heap after
Heap after GC invocations=13 (full 2):
 PSYoungGen      total 146432K, used 0K [0x00000000ec000000, 0x00000000f9200000, 0x0000000100000000)
  eden space 134656K, 0% used [0x00000000ec000000,0x00000000ec000000,0x00000000f4380000)
  from space 11776K, 0% used [0x00000000f4380000,0x00000000f4380000,0x00000000f4f00000)
  to   space 11264K, 0% used [0x00000000f8700000,0x00000000f8700000,0x00000000f9200000)
 ParOldGen       total 30208K, used 16941K [0x00000000c4000000, 0x00000000c5d80000, 0x00000000ec000000)
  object space 30208K, 56% used [0x00000000c4000000,0x00000000c508b7c8,0x00000000c5d80000)
 Metaspace       used 34422K, capacity 35312K, committed 35416K, reserved 1079296K
  class space    used 4685K, capacity 4884K, committed 4952K, reserved 1048576K
}

Deoptimization events (10 events):
Event: 73.027 Thread 0x00000000021e2000 Uncommon trap: reason=class_check action=maybe_recompile pc=0x0000000002cd14d0 method=java.lang.reflect.Array.newInstance(Ljava/lang/Class;I)Ljava/lang/Object; @ 2
Event: 73.034 Thread 0x00000000021e2000 Uncommon trap: reason=class_check action=maybe_recompile pc=0x0000000002cd14d0 method=java.lang.reflect.Array.newInstance(Ljava/lang/Class;I)Ljava/lang/Object; @ 2
Event: 75.109 Thread 0x00000000021e2000 Uncommon trap: reason=range_check action=make_not_entrant pc=0x000000000347c014 method=java.lang.String.charAt(I)C @ 27
Event: 75.110 Thread 0x00000000021e2000 Uncommon trap: reason=unstable_if action=reinterpret pc=0x00000000035cac60 method=org.springframework.asm.MethodWriter.visitMethodInsn(ILjava/lang/String;Ljava/lang/String;Ljava/lang/String;Z)V @ 37
Event: 75.205 Thread 0x00000000021e2000 Uncommon trap: reason=unstable_if action=reinterpret pc=0x00000000033d2908 method=org.springframework.core.ResolvableType.resolve()Ljava/lang/Class; @ 4
Event: 76.166 Thread 0x00000000021e2000 Uncommon trap: reason=null_check action=make_not_entrant pc=0x0000000003497bec method=org.springframework.util.ClassUtils.isAssignable(Ljava/lang/Class;Ljava/lang/Class;)Z @ 14
Event: 78.175 Thread 0x00000000021e2000 Uncommon trap: reason=unstable_if action=reinterpret pc=0x0000000002f6678c method=java.io.WinNTFileSystem.isLetter(C)Z @ 3
Event: 78.191 Thread 0x00000000021e2000 Uncommon trap: reason=class_check action=maybe_recompile pc=0x0000000003663d98 method=org.springframework.boot.context.properties.source.ConfigurationPropertyName.elementEquals(Ljava/lang/CharSequence;Ljava/lang/CharSequence;)Z @ 1
Event: 78.191 Thread 0x00000000021e2000 Uncommon trap: reason=class_check action=maybe_recompile pc=0x0000000003663d98 method=org.springframework.boot.context.properties.source.ConfigurationPropertyName.elementEquals(Ljava/lang/CharSequence;Ljava/lang/CharSequence;)Z @ 1
Event: 78.191 Thread 0x00000000021e2000 Uncommon trap: reason=class_check action=maybe_recompile pc=0x0000000003663d98 method=org.springframework.boot.context.properties.source.ConfigurationPropertyName.elementEquals(Ljava/lang/CharSequence;Ljava/lang/CharSequence;)Z @ 1

Internal exceptions (10 events):
Event: 79.335 Thread 0x00000000021e2000 Exception <a 'java/lang/ClassNotFoundException': org/springframework/web/context/support/WebApplicationObjectSupportCustomizer> (0x00000000f169d1b8) thrown at [C:\re\workspace\8-2-build-windows-amd64-cygwin\jdk8u131\8869\hotspot\src\share\vm\classfile\sys
Event: 79.338 Thread 0x00000000021e2000 Exception <a 'java/lang/ClassNotFoundException': org/springframework/web/servlet/support/WebContentGeneratorCustomizer> (0x00000000f16c2888) thrown at [C:\re\workspace\8-2-build-windows-amd64-cygwin\jdk8u131\8869\hotspot\src\share\vm\classfile\systemDicti
Event: 79.342 Thread 0x00000000021e2000 Exception <a 'java/lang/ClassNotFoundException': org/springframework/web/servlet/mvc/method/AbstractHandlerMethodAdapterCustomizer> (0x00000000f170a6d8) thrown at [C:\re\workspace\8-2-build-windows-amd64-cygwin\jdk8u131\8869\hotspot\src\share\vm\classfile
Event: 79.346 Thread 0x00000000021e2000 Exception <a 'java/lang/ClassNotFoundException': org/springframework/web/servlet/mvc/method/annotation/RequestMappingHandlerAdapterCustomizer> (0x00000000f173e298) thrown at [C:\re\workspace\8-2-build-windows-amd64-cygwin\jdk8u131\8869\hotspot\src\share\v
Event: 79.356 Thread 0x00000000021e2000 Exception <a 'java/lang/ClassNotFoundException': org/springframework/beans/factory/BeanFactoryAwareCustomizer> (0x00000000f17e8b70) thrown at [C:\re\workspace\8-2-build-windows-amd64-cygwin\jdk8u131\8869\hotspot\src\share\vm\classfile\systemDictionary.cpp
Event: 79.358 Thread 0x00000000021e2000 Exception <a 'java/lang/ClassNotFoundException': org/springframework/beans/factory/InitializingBeanCustomizer> (0x00000000f1809fb0) thrown at [C:\re\workspace\8-2-build-windows-amd64-cygwin\jdk8u131\8869\hotspot\src\share\vm\classfile\systemDictionary.cpp
Event: 79.360 Thread 0x00000000021e2000 Exception <a 'java/lang/ClassNotFoundException': org/springframework/web/servlet/HandlerAdapterCustomizer> (0x00000000f1828f38) thrown at [C:\re\workspace\8-2-build-windows-amd64-cygwin\jdk8u131\8869\hotspot\src\share\vm\classfile\systemDictionary.cpp, li
Event: 79.361 Thread 0x00000000021e2000 Exception <a 'java/lang/ClassNotFoundException': org/springframework/core/OrderedCustomizer> (0x00000000f18434c8) thrown at [C:\re\workspace\8-2-build-windows-amd64-cygwin\jdk8u131\8869\hotspot\src\share\vm\classfile\systemDictionary.cpp, line 210]
Event: 79.364 Thread 0x00000000021e2000 Exception <a 'java/lang/ClassNotFoundException': org/springframework/web/context/ServletContextAwareCustomizer> (0x00000000f1864658) thrown at [C:\re\workspace\8-2-build-windows-amd64-cygwin\jdk8u131\8869\hotspot\src\share\vm\classfile\systemDictionary.cp
Event: 79.366 Thread 0x00000000021e2000 Exception <a 'java/lang/ClassNotFoundException': org/springframework/context/ApplicationContextAwareCustomizer> (0x00000000f1885c30) thrown at [C:\re\workspace\8-2-build-windows-amd64-cygwin\jdk8u131\8869\hotspot\src\share\vm\classfile\systemDictionary.cp

Events (10 events):
Event: 80.516 loading class javax/servlet/http$PushBuilder
Event: 80.516 loading class javax/servlet/http$PushBuilder done
Event: 80.518 loading class org/springframework/web/servlet/mvc/method/annotation/ServletResponseMethodArgumentResolver
Event: 80.518 loading class org/springframework/web/servlet/mvc/method/annotation/ServletResponseMethodArgumentResolver done
Event: 80.612 loading class org/springframework/web/servlet/mvc/method/annotation/HttpEntityMethodProcessor
Event: 80.612 loading class org/springframework/web/servlet/mvc/method/annotation/HttpEntityMethodProcessor done
Event: 80.616 loading class org/springframework/web/servlet/mvc/method/annotation/RedirectAttributesMethodArgumentResolver
Event: 80.616 loading class org/springframework/web/servlet/mvc/method/annotation/RedirectAttributesMethodArgumentResolver done
Event: 80.618 loading class org/springframework/ui/ModelMap
Event: 80.618 loading class org/springframework/ui/ModelMap done


Dynamic libraries:
0x000000013ff30000 - 0x000000013ff67000 	C:\Program Files\Java\jdk1.8.0_131\bin\java.exe
0x0000000077320000 - 0x00000000774ca000 	C:\Windows\SYSTEM32\ntdll.dll
0x0000000077100000 - 0x000000007721f000 	C:\Windows\system32\kernel32.dll
0x000007fefd340000 - 0x000007fefd3aa000 	C:\Windows\system32\KERNELBASE.dll
0x000007fefdb60000 - 0x000007fefdc3b000 	C:\Windows\system32\ADVAPI32.dll
0x000007feff170000 - 0x000007feff20f000 	C:\Windows\system32\msvcrt.dll
0x000007fefd790000 - 0x000007fefd7af000 	C:\Windows\SYSTEM32\sechost.dll
0x000007fefda30000 - 0x000007fefdb5d000 	C:\Windows\system32\RPCRT4.dll
0x0000000077220000 - 0x000000007731a000 	C:\Windows\system32\USER32.dll
0x000007fefdd10000 - 0x000007fefdd77000 	C:\Windows\system32\GDI32.dll
0x000007fefd430000 - 0x000007fefd43e000 	C:\Windows\system32\LPK.dll
0x000007fefdc40000 - 0x000007fefdd0b000 	C:\Windows\system32\USP10.dll
0x000007fefa5e0000 - 0x000007fefa7d4000 	C:\Windows\WinSxS\amd64_microsoft.windows.common-controls_6595b64144ccf1df_6.0.7601.18837_none_fa3b1e3d17594757\COMCTL32.dll
0x000007feff4a0000 - 0x000007feff511000 	C:\Windows\system32\SHLWAPI.dll
0x000007feff270000 - 0x000007feff29e000 	C:\Windows\system32\IMM32.DLL
0x000007feff520000 - 0x000007feff629000 	C:\Windows\system32\MSCTF.dll
0x00000000694b0000 - 0x0000000069582000 	C:\Program Files\Java\jdk1.8.0_131\jre\bin\msvcr100.dll
0x0000000066540000 - 0x0000000066ddc000 	C:\Program Files\Java\jdk1.8.0_131\jre\bin\server\jvm.dll
0x000007feed130000 - 0x000007feed139000 	C:\Windows\system32\WSOCK32.dll
0x000007feff220000 - 0x000007feff26d000 	C:\Windows\system32\WS2_32.dll
0x000007feff210000 - 0x000007feff218000 	C:\Windows\system32\NSI.dll
0x000007fef69c0000 - 0x000007fef69fb000 	C:\Windows\system32\WINMM.dll
0x000007fefbfa0000 - 0x000007fefbfac000 	C:\Windows\system32\VERSION.dll
0x00000000774f0000 - 0x00000000774f7000 	C:\Windows\system32\PSAPI.DLL
0x0000000074bf0000 - 0x0000000074bff000 	C:\Program Files\Java\jdk1.8.0_131\jre\bin\verify.dll
0x0000000074bc0000 - 0x0000000074be9000 	C:\Program Files\Java\jdk1.8.0_131\jre\bin\java.dll
0x0000000074b20000 - 0x0000000074b43000 	C:\Program Files\Java\jdk1.8.0_131\jre\bin\instrument.dll
0x0000000074ba0000 - 0x0000000074bb6000 	C:\Program Files\Java\jdk1.8.0_131\jre\bin\zip.dll
0x000007fefe170000 - 0x000007fefeefb000 	C:\Windows\system32\SHELL32.dll
0x000007feff2a0000 - 0x000007feff49c000 	C:\Windows\system32\ole32.dll
0x000007fefd020000 - 0x000007fefd02f000 	C:\Windows\system32\profapi.dll
0x000007fef4750000 - 0x000007fef476a000 	C:\Program Files\JetBrains\IntelliJ IDEA 2017.2.2\bin\breakgen64.dll
0x0000000074840000 - 0x000000007485a000 	C:\Program Files\Java\jdk1.8.0_131\jre\bin\net.dll
0x000007fefc7a0000 - 0x000007fefc7f5000 	C:\Windows\system32\mswsock.dll
0x000007fefc790000 - 0x000007fefc797000 	C:\Windows\System32\wship6.dll
0x0000000074820000 - 0x0000000074831000 	C:\Program Files\Java\jdk1.8.0_131\jre\bin\nio.dll
0x0000000074b10000 - 0x0000000074b1d000 	C:\Program Files\Java\jdk1.8.0_131\jre\bin\management.dll
0x000007fef5ca0000 - 0x000007fef5cb5000 	C:\Windows\system32\NLAapi.dll
0x000007feebf70000 - 0x000007feebf85000 	C:\Windows\system32\napinsp.dll
0x000007feebf50000 - 0x000007feebf69000 	C:\Windows\system32\pnrpnsp.dll
0x000007fefc620000 - 0x000007fefc67b000 	C:\Windows\system32\DNSAPI.dll
0x000007feebf40000 - 0x000007feebf4b000 	C:\Windows\System32\winrnr.dll
0x000007fefa0f0000 - 0x000007fefa0f7000 	C:\Windows\System32\wshtcpip.dll
0x000007fefa560000 - 0x000007fefa587000 	C:\Windows\system32\IPHLPAPI.DLL
0x000007fefa550000 - 0x000007fefa55b000 	C:\Windows\system32\WINNSI.DLL
0x000007feeb490000 - 0x000007feeb498000 	C:\Windows\system32\rasadhlp.dll
0x000007fef7200000 - 0x000007fef7253000 	C:\Windows\System32\fwpuclnt.dll

VM Arguments:
jvm_args: -ea -Didea.test.cyclic.buffer.size=1048576 -javaagent:C:\Program Files\JetBrains\IntelliJ IDEA 2017.2.2\lib\idea_rt.jar=11209:C:\Program Files\JetBrains\IntelliJ IDEA 2017.2.2\bin -Dfile.encoding=UTF-8 
java_command: com.intellij.rt.execution.junit.JUnitStarter -ideVersion5 -junit4 com.crud.tasks.controller.TrelloControllerTest,shouldFetchTrelloBoards
java_class_path (initial): C:\Program Files\JetBrains\IntelliJ IDEA 2017.2.2\lib\idea_rt.jar;C:\Program Files\JetBrains\IntelliJ IDEA 2017.2.2\plugins\junit\lib\junit-rt.jar;C:\Program Files\JetBrains\IntelliJ IDEA 2017.2.2\plugins\junit\lib\junit5-rt.jar;C:\Program Files\Java\jdk1.8.0_131\jre\lib\charsets.jar;C:\Program Files\Java\jdk1.8.0_131\jre\lib\deploy.jar;C:\Program Files\Java\jdk1.8.0_131\jre\lib\ext\access-bridge-64.jar;C:\Program Files\Java\jdk1.8.0_131\jre\lib\ext\cldrdata.jar;C:\Program Files\Java\jdk1.8.0_131\jre\lib\ext\dnsns.jar;C:\Program Files\Java\jdk1.8.0_131\jre\lib\ext\jaccess.jar;C:\Program Files\Java\jdk1.8.0_131\jre\lib\ext\jfxrt.jar;C:\Program Files\Java\jdk1.8.0_131\jre\lib\ext\localedata.jar;C:\Program Files\Java\jdk1.8.0_131\jre\lib\ext\nashorn.jar;C:\Program Files\Java\jdk1.8.0_131\jre\lib\ext\sunec.jar;C:\Program Files\Java\jdk1.8.0_131\jre\lib\ext\sunjce_provider.jar;C:\Program Files\Java\jdk1.8.0_131\jre\lib\ext\sunmscapi.jar;C:\Program Files\Java\jdk1.8.0_131\jre\lib\ext\sunpkcs11.jar;C:\Program Files\Java\jdk1.8.0_131\jre\lib\ext\zipfs.jar;C:\Program Files\Java\jdk1.8.0_131\jre\lib\javaws.jar;C:\Program Files\Java\jdk1.8.0_131\jre\lib\jce.jar;C:\Program Files\Java\jdk1.8.0_131\jre\lib\jfr.jar;C:\Program Files\Java\jdk1.8.0_131\jre\lib\jfxswt.jar;C:\Program Files\Java\jdk1.8.0_131\jre\lib\jsse.jar;C:\Program Files\Java\jdk1.8.0_131\jre\lib\management-agent.jar;C:\Program Files\Java\jdk1.8.0_131\jre\lib\plugin.jar;C:\Program Files\Java\jdk1.8.0_131\jre\lib\resources.jar;C:\Program Files\Java\jdk1.8.0_131\jre\lib\rt.jar;C:\Users\Tomasz\Documents\projekt\out\test\classes;C:\Users\Tomasz\Documents\projekt\out\production\classes;C:\Users\Tomasz\Documents\projekt\out\production\resources;C:\Users\Tomasz\.gradle\caches\modules-2\files-2.1\org.projectlombok\lombok\1.16.18\557d13dcb647038dc687390711ccb5c9b3ffbd60\lombok-1.16.18.jar;C:\Users\Tomasz\.gradle\caches\modules-2\files-2.1\org.springframework.boot\spring-boot-starter-web\2.0.0.M6\
Launcher Type: SUN_STANDARD

Environment Variables:
JAVA_HOME=C:\Program Files\Java\jdk1.8.0_131
PATH=C:\ProgramData\Oracle\Java\javapath;C:\Windows\system32;C:\Windows;C:\Windows\System32\Wbem;C:\Windows\System32\WindowsPowerShell\v1.0\;C:\Program Files (x86)\ATI Technologies\ATI.ACE\Core-Static;C:\Program Files\Java\jdk1.8.0_131\bin;C:\Program Files\Java\jre1.8.0_131\bin;C:\Program Files (x86)\Skype\Phone\;C:\Program Files\Git\cmd;C:\Program Files\Git\mingw64\bin;C:\Program Files\Git\usr\bin;C:\gradle-4.1\bin;C:\Program Files\MySQL\MySQL Utilities 1.6\;C:\Program Files\Heroku\bin
USERNAME=Tomasz
OS=Windows_NT
PROCESSOR_IDENTIFIER=AMD64 Family 17 Model 3 Stepping 1, AuthenticAMD



---------------  S Y S T E M  ---------------

OS: Windows 7 , 64 bit Build 7601 (6.1.7601.23807)

CPU:total 2 (initial active 2) (2 cores per cpu, 1 threads per core) family 17 model 3 stepping 1, cmov, cx8, fxsr, mmx, sse, sse2, sse3, mmxext, 3dnowpref, tsc, tscinvbit

Memory: 4k page, physical 3931256k(98540k free), swap 15723164k(5172k free)

vm_info: Java HotSpot(TM) 64-Bit Server VM (25.131-b11) for windows-amd64 JRE (1.8.0_131-b11), built on Mar 15 2017 01:23:53 by "java_re" with MS VC++ 10.0 (VS2010)

time: Sun Jan 07 15:58:00 2018
elapsed time: 80 seconds (0d 0h 1m 20s)

